#
# There is insufficient memory for the Java Runtime Environment to continue.
# Native memory allocation (malloc) failed to allocate 914096 bytes for Chunk::new
# Possible reasons:
#   The system is out of physical RAM or swap space
#   The process is running with CompressedOops enabled, and the Java Heap may be blocking the growth of the native heap
# Possible solutions:
#   Reduce memory load on the system
#   Increase physical memory or swap space
#   Check if swap backing store is full
#   Decrease Java heap size (-Xmx/-Xms)
#   Decrease number of Java threads
#   Decrease Java thread stack sizes (-Xss)
#   Set larger code cache with -XX:ReservedCodeCacheSize=
#   JVM is running with Unscaled Compressed Oops mode in which the Java heap is
#     placed in the first 4GB address space. The Java Heap base address is the
#     maximum limit for the native heap growth. Please use -XX:HeapBaseMinAddress
#     to set the Java Heap base and to place the Java Heap above 4GB virtual address.
# This output file may be truncated or incomplete.
#
#  Out of Memory Error (arena.cpp:189), pid=14552, tid=10792
#
# JRE version: Java(TM) SE Runtime Environment (17.0.11+7) (build 17.0.11+7-LTS-207)
# Java VM: Java HotSpot(TM) 64-Bit Server VM (17.0.11+7-LTS-207, mixed mode, sharing, tiered, compressed oops, compressed class ptrs, g1 gc, windows-amd64)
# No core dump will be written. Minidumps are not enabled by default on client versions of Windows
#

---------------  S U M M A R Y ------------

Command Line: -ea -Didea.test.cyclic.buffer.size=1048576 -javaagent:C:\Program Files\JetBrains\IntelliJ IDEA Community Edition 2022.3.2\lib\idea_rt.jar=50973:C:\Program Files\JetBrains\IntelliJ IDEA Community Edition 2022.3.2\bin -Dfile.encoding=UTF-8 com.intellij.rt.junit.JUnitStarter -ideVersion5 -junit5 RunnerTest,testAll

Host: Intel(R) Core(TM) i5-1035G1 CPU @ 1.00GHz, 8 cores, 3G,  Windows 11 , 64 bit Build 22621 (10.0.22621.3958)
Time: Fri Sep 20 01:20:13 2024 Sri Lanka Standard Time elapsed time: 7.266423 seconds (0d 0h 0m 7s)

---------------  T H R E A D  ---------------

Current thread (0x0000017a9e15b6f0):  JavaThread "C2 CompilerThread0" daemon [_thread_in_native, id=10792, stack(0x0000001d8f600000,0x0000001d8f700000)]


Current CompileTask:
C2:   7266 2625   !   4       jdk.internal.loader.BuiltinClassLoader::loadClassOrNull (143 bytes)

Stack: [0x0000001d8f600000,0x0000001d8f700000]
Native frames: (J=compiled Java code, j=interpreted, Vv=VM code, C=native code)
V  [jvm.dll+0x679cca]
V  [jvm.dll+0x7da13d]
V  [jvm.dll+0x7dba83]
V  [jvm.dll+0x7dc0f3]
V  [jvm.dll+0x2449af]
V  [jvm.dll+0xab83b]
V  [jvm.dll+0xabe1c]
V  [jvm.dll+0x2a9e6f]
V  [jvm.dll+0x5818d9]
V  [jvm.dll+0x21ed62]
V  [jvm.dll+0x21f13f]
V  [jvm.dll+0x218331]
V  [jvm.dll+0x215505]
V  [jvm.dll+0x1a2040]
V  [jvm.dll+0x225a2b]
V  [jvm.dll+0x223bcb]
V  [jvm.dll+0x7903ec]
V  [jvm.dll+0x78a85a]
V  [jvm.dll+0x678bb5]
C  [ucrtbase.dll+0x29333]
C  [KERNEL32.DLL+0x1257d]
C  [ntdll.dll+0x5af28]


---------------  P R O C E S S  ---------------

Threads class SMR info:
_java_thread_list=0x0000017ae44b4550, length=13, elements={
0x0000017a827718f0, 0x0000017a9e13b1f0, 0x0000017a9e13bbb0, 0x0000017a9e14b2e0,
0x0000017a9e14bca0, 0x0000017a9e14e670, 0x0000017a9e14f030, 0x0000017a9e15b6f0,
0x0000017a9e15d0c0, 0x0000017a9e15d9d0, 0x0000017a9e2ff980, 0x0000017a9e4372a0,
0x0000017a9e433070
}

Java Threads: ( => current thread )
  0x0000017a827718f0 JavaThread "main" [_thread_in_vm, id=16732, stack(0x0000001d8e900000,0x0000001d8ea00000)]
  0x0000017a9e13b1f0 JavaThread "Reference Handler" daemon [_thread_blocked, id=21204, stack(0x0000001d8f000000,0x0000001d8f100000)]
  0x0000017a9e13bbb0 JavaThread "Finalizer" daemon [_thread_blocked, id=14116, stack(0x0000001d8f100000,0x0000001d8f200000)]
  0x0000017a9e14b2e0 JavaThread "Signal Dispatcher" daemon [_thread_blocked, id=20856, stack(0x0000001d8f200000,0x0000001d8f300000)]
  0x0000017a9e14bca0 JavaThread "Attach Listener" daemon [_thread_blocked, id=12456, stack(0x0000001d8f300000,0x0000001d8f400000)]
  0x0000017a9e14e670 JavaThread "Service Thread" daemon [_thread_blocked, id=19376, stack(0x0000001d8f400000,0x0000001d8f500000)]
  0x0000017a9e14f030 JavaThread "Monitor Deflation Thread" daemon [_thread_blocked, id=3048, stack(0x0000001d8f500000,0x0000001d8f600000)]
=>0x0000017a9e15b6f0 JavaThread "C2 CompilerThread0" daemon [_thread_in_native, id=10792, stack(0x0000001d8f600000,0x0000001d8f700000)]
  0x0000017a9e15d0c0 JavaThread "C1 CompilerThread0" daemon [_thread_blocked, id=12852, stack(0x0000001d8f700000,0x0000001d8f800000)]
  0x0000017a9e15d9d0 JavaThread "Sweeper thread" daemon [_thread_blocked, id=14952, stack(0x0000001d8f800000,0x0000001d8f900000)]
  0x0000017a9e2ff980 JavaThread "Common-Cleaner" daemon [_thread_blocked, id=10820, stack(0x0000001d8f900000,0x0000001d8fa00000)]
  0x0000017a9e4372a0 JavaThread "Monitor Ctrl-Break" daemon [_thread_in_native, id=20992, stack(0x0000001d8fa00000,0x0000001d8fb00000)]
  0x0000017a9e433070 JavaThread "Notification Thread" daemon [_thread_blocked, id=7632, stack(0x0000001d8fb00000,0x0000001d8fc00000)]

Other Threads:
  0x0000017a9e133830 VMThread "VM Thread" [stack: 0x0000001d8ef00000,0x0000001d8f000000] [id=16608]
  0x0000017a9e433550 WatcherThread [stack: 0x0000001d8fc00000,0x0000001d8fd00000] [id=21324]
  0x0000017a827acdc0 GCTaskThread "GC Thread#0" [stack: 0x0000001d8ea00000,0x0000001d8eb00000] [id=6168]
  0x0000017ae4069eb0 GCTaskThread "GC Thread#1" [stack: 0x0000001d8fd00000,0x0000001d8fe00000] [id=15056]
  0x0000017ae406b1f0 GCTaskThread "GC Thread#2" [stack: 0x0000001d8fe00000,0x0000001d8ff00000] [id=2232]
  0x0000017ae4069bf0 GCTaskThread "GC Thread#3" [stack: 0x0000001d8ff00000,0x0000001d90000000] [id=12124]
  0x0000017ae406a170 GCTaskThread "GC Thread#4" [stack: 0x0000001d90000000,0x0000001d90100000] [id=20860]
  0x0000017ae4069930 GCTaskThread "GC Thread#5" [stack: 0x0000001d90200000,0x0000001d90300000] [id=16920]
  0x0000017ae4069670 GCTaskThread "GC Thread#6" [stack: 0x0000001d90300000,0x0000001d90400000] [id=18688]
  0x0000017ae406a6f0 GCTaskThread "GC Thread#7" [stack: 0x0000001d90400000,0x0000001d90500000] [id=19996]
  0x0000017a827b69e0 ConcurrentGCThread "G1 Main Marker" [stack: 0x0000001d8eb00000,0x0000001d8ec00000] [id=7604]
  0x0000017a827b74c0 ConcurrentGCThread "G1 Conc#0" [stack: 0x0000001d8ec00000,0x0000001d8ed00000] [id=17336]
  0x0000017ae406a9b0 ConcurrentGCThread "G1 Conc#1" [stack: 0x0000001d90100000,0x0000001d90200000] [id=18672]
  0x0000017a8281eb70 ConcurrentGCThread "G1 Refine#0" [stack: 0x0000001d8ed00000,0x0000001d8ee00000] [id=18792]
  0x0000017a9dfe26f0 ConcurrentGCThread "G1 Service" [stack: 0x0000001d8ee00000,0x0000001d8ef00000] [id=15504]

Threads with active compile tasks:
C2 CompilerThread0     7378 2625   !   4       jdk.internal.loader.BuiltinClassLoader::loadClassOrNull (143 bytes)
C1 CompilerThread0     7378 2874       3       com.oracle.truffle.js.runtime.Symbol::hashCode (5 bytes)

VM state: not at safepoint (normal execution)

VM Mutex/Monitor currently owned by a thread:  ([mutex/lock_event])
[0x0000017a8276c990] CodeCache_lock - owner thread: 0x0000000000000000

Heap address: 0x00000000c3a00000, size: 966 MB, Compressed Oops mode: 32-bit

CDS archive(s) mapped at: [0x0000017a9f000000-0x0000017a9fbd0000-0x0000017a9fbd0000), size 12386304, SharedBaseAddress: 0x0000017a9f000000, ArchiveRelocationMode: 1.
Compressed class space mapped at: 0x0000017aa0000000-0x0000017ae0000000, reserved size: 1073741824
Narrow klass base: 0x0000017a9f000000, Narrow klass shift: 0, Narrow klass range: 0x100000000

GC Precious Log:
 CPUs: 8 total, 8 available
 Memory: 3863M
 Large Page Support: Disabled
 NUMA Support: Disabled
 Compressed Oops: Enabled (32-bit)
 Heap Region Size: 1M
 Heap Min Capacity: 8M
 Heap Initial Capacity: 62M
 Heap Max Capacity: 966M
 Pre-touch: Disabled
 Parallel Workers: 8
 Concurrent Workers: 2
 Concurrent Refinement Workers: 8
 Periodic GC: Disabled

Heap:
 garbage-first heap   total 76800K, used 49664K [0x00000000c3a00000, 0x0000000100000000)
  region size 1024K, 14 young (14336K), 2 survivors (2048K)
 Metaspace       used 24783K, committed 25088K, reserved 1114112K
  class space    used 2697K, committed 2880K, reserved 1048576K

Heap Regions: E=young(eden), S=young(survivor), O=old, HS=humongous(starts), HC=humongous(continues), CS=collection set, F=free, OA=open archive, CA=closed archive, TAMS=top-at-mark-start (previous, next)
|   0|0x00000000c3a00000, 0x00000000c3b00000, 0x00000000c3b00000|100%|HS|  |TAMS 0x00000000c3b00000, 0x00000000c3a00000| Complete 
|   1|0x00000000c3b00000, 0x00000000c3c00000, 0x00000000c3c00000|100%|HS|  |TAMS 0x00000000c3c00000, 0x00000000c3b00000| Complete 
|   2|0x00000000c3c00000, 0x00000000c3d00000, 0x00000000c3d00000|100%|HS|  |TAMS 0x00000000c3d00000, 0x00000000c3c00000| Complete 
|   3|0x00000000c3d00000, 0x00000000c3e00000, 0x00000000c3e00000|100%| O|  |TAMS 0x00000000c3e00000, 0x00000000c3d00000| Untracked 
|   4|0x00000000c3e00000, 0x00000000c3f00000, 0x00000000c3f00000|100%| O|  |TAMS 0x00000000c3f00000, 0x00000000c3e00000| Untracked 
|   5|0x00000000c3f00000, 0x00000000c4000000, 0x00000000c4000000|100%| O|  |TAMS 0x00000000c4000000, 0x00000000c3f00000| Untracked 
|   6|0x00000000c4000000, 0x00000000c4100000, 0x00000000c4100000|100%| O|  |TAMS 0x00000000c4100000, 0x00000000c4000000| Untracked 
|   7|0x00000000c4100000, 0x00000000c4200000, 0x00000000c4200000|100%| O|  |TAMS 0x00000000c4200000, 0x00000000c4100000| Untracked 
|   8|0x00000000c4200000, 0x00000000c4300000, 0x00000000c4300000|100%| O|  |TAMS 0x00000000c4300000, 0x00000000c4200000| Untracked 
|   9|0x00000000c4300000, 0x00000000c4400000, 0x00000000c4400000|100%| O|  |TAMS 0x00000000c4400000, 0x00000000c4300000| Untracked 
|  10|0x00000000c4400000, 0x00000000c4500000, 0x00000000c4500000|100%| O|  |TAMS 0x00000000c4500000, 0x00000000c4400000| Untracked 
|  11|0x00000000c4500000, 0x00000000c4600000, 0x00000000c4600000|100%| O|  |TAMS 0x00000000c4600000, 0x00000000c4500000| Untracked 
|  12|0x00000000c4600000, 0x00000000c4700000, 0x00000000c4700000|100%| O|  |TAMS 0x00000000c4700000, 0x00000000c4600000| Untracked 
|  13|0x00000000c4700000, 0x00000000c4800000, 0x00000000c4800000|100%| O|  |TAMS 0x00000000c4800000, 0x00000000c4700000| Untracked 
|  14|0x00000000c4800000, 0x00000000c4900000, 0x00000000c4900000|100%| O|  |TAMS 0x00000000c4900000, 0x00000000c4800000| Untracked 
|  15|0x00000000c4900000, 0x00000000c4a00000, 0x00000000c4a00000|100%| O|  |TAMS 0x00000000c4a00000, 0x00000000c4900000| Untracked 
|  16|0x00000000c4a00000, 0x00000000c4b00000, 0x00000000c4b00000|100%| O|  |TAMS 0x00000000c4b00000, 0x00000000c4a00000| Untracked 
|  17|0x00000000c4b00000, 0x00000000c4c00000, 0x00000000c4c00000|100%| O|  |TAMS 0x00000000c4c00000, 0x00000000c4b00000| Untracked 
|  18|0x00000000c4c00000, 0x00000000c4d00000, 0x00000000c4d00000|100%| O|  |TAMS 0x00000000c4d00000, 0x00000000c4c00000| Untracked 
|  19|0x00000000c4d00000, 0x00000000c4e00000, 0x00000000c4e00000|100%| O|  |TAMS 0x00000000c4e00000, 0x00000000c4d00000| Untracked 
|  20|0x00000000c4e00000, 0x00000000c4f00000, 0x00000000c4f00000|100%| O|  |TAMS 0x00000000c4f00000, 0x00000000c4e00000| Untracked 
|  21|0x00000000c4f00000, 0x00000000c5000000, 0x00000000c5000000|100%| O|  |TAMS 0x00000000c5000000, 0x00000000c4f00000| Untracked 
|  22|0x00000000c5000000, 0x00000000c5100000, 0x00000000c5100000|100%| O|  |TAMS 0x00000000c5100000, 0x00000000c5000000| Untracked 
|  23|0x00000000c5100000, 0x00000000c5200000, 0x00000000c5200000|100%| O|  |TAMS 0x00000000c5200000, 0x00000000c5100000| Untracked 
|  24|0x00000000c5200000, 0x00000000c5300000, 0x00000000c5300000|100%| O|  |TAMS 0x00000000c5300000, 0x00000000c5200000| Untracked 
|  25|0x00000000c5300000, 0x00000000c5400000, 0x00000000c5400000|100%| O|  |TAMS 0x00000000c5400000, 0x00000000c5300000| Untracked 
|  26|0x00000000c5400000, 0x00000000c5500000, 0x00000000c5500000|100%| O|  |TAMS 0x00000000c5500000, 0x00000000c5400000| Untracked 
|  27|0x00000000c5500000, 0x00000000c5600000, 0x00000000c5600000|100%| O|  |TAMS 0x00000000c5600000, 0x00000000c5500000| Untracked 
|  28|0x00000000c5600000, 0x00000000c5700000, 0x00000000c5700000|100%| O|  |TAMS 0x00000000c5700000, 0x00000000c5600000| Untracked 
|  29|0x00000000c5700000, 0x00000000c5800000, 0x00000000c5800000|100%| O|  |TAMS 0x00000000c5800000, 0x00000000c5700000| Untracked 
|  30|0x00000000c5800000, 0x00000000c5900000, 0x00000000c5900000|100%| O|  |TAMS 0x00000000c5900000, 0x00000000c5800000| Untracked 
|  31|0x00000000c5900000, 0x00000000c5a00000, 0x00000000c5a00000|100%| O|  |TAMS 0x00000000c5a00000, 0x00000000c5900000| Untracked 
|  32|0x00000000c5a00000, 0x00000000c5b00000, 0x00000000c5b00000|100%| O|  |TAMS 0x00000000c5b00000, 0x00000000c5a00000| Untracked 
|  33|0x00000000c5b00000, 0x00000000c5c00000, 0x00000000c5c00000|100%| O|  |TAMS 0x00000000c5c00000, 0x00000000c5b00000| Untracked 
|  34|0x00000000c5c00000, 0x00000000c5d00000, 0x00000000c5d00000|100%| O|  |TAMS 0x00000000c5d00000, 0x00000000c5c00000| Untracked 
|  35|0x00000000c5d00000, 0x00000000c5d80000, 0x00000000c5e00000| 50%| O|  |TAMS 0x00000000c5d80000, 0x00000000c5d00000| Untracked 
|  36|0x00000000c5e00000, 0x00000000c5e00000, 0x00000000c5f00000|  0%| F|  |TAMS 0x00000000c5e00000, 0x00000000c5e00000| Untracked 
|  37|0x00000000c5f00000, 0x00000000c5f00000, 0x00000000c6000000|  0%| F|  |TAMS 0x00000000c5f00000, 0x00000000c5f00000| Untracked 
|  38|0x00000000c6000000, 0x00000000c6000000, 0x00000000c6100000|  0%| F|  |TAMS 0x00000000c6000000, 0x00000000c6000000| Untracked 
|  39|0x00000000c6100000, 0x00000000c6100000, 0x00000000c6200000|  0%| F|  |TAMS 0x00000000c6100000, 0x00000000c6100000| Untracked 
|  40|0x00000000c6200000, 0x00000000c6200000, 0x00000000c6300000|  0%| F|  |TAMS 0x00000000c6200000, 0x00000000c6200000| Untracked 
|  41|0x00000000c6300000, 0x00000000c6300000, 0x00000000c6400000|  0%| F|  |TAMS 0x00000000c6300000, 0x00000000c6300000| Untracked 
|  42|0x00000000c6400000, 0x00000000c6400000, 0x00000000c6500000|  0%| F|  |TAMS 0x00000000c6400000, 0x00000000c6400000| Untracked 
|  43|0x00000000c6500000, 0x00000000c6500000, 0x00000000c6600000|  0%| F|  |TAMS 0x00000000c6500000, 0x00000000c6500000| Untracked 
|  44|0x00000000c6600000, 0x00000000c6600000, 0x00000000c6700000|  0%| F|  |TAMS 0x00000000c6600000, 0x00000000c6600000| Untracked 
|  45|0x00000000c6700000, 0x00000000c6700000, 0x00000000c6800000|  0%| F|  |TAMS 0x00000000c6700000, 0x00000000c6700000| Untracked 
|  46|0x00000000c6800000, 0x00000000c6800000, 0x00000000c6900000|  0%| F|  |TAMS 0x00000000c6800000, 0x00000000c6800000| Untracked 
|  47|0x00000000c6900000, 0x00000000c6900000, 0x00000000c6a00000|  0%| F|  |TAMS 0x00000000c6900000, 0x00000000c6900000| Untracked 
|  48|0x00000000c6a00000, 0x00000000c6a00000, 0x00000000c6b00000|  0%| F|  |TAMS 0x00000000c6a00000, 0x00000000c6a00000| Untracked 
|  49|0x00000000c6b00000, 0x00000000c6b00000, 0x00000000c6c00000|  0%| F|  |TAMS 0x00000000c6b00000, 0x00000000c6b00000| Untracked 
|  50|0x00000000c6c00000, 0x00000000c6c00000, 0x00000000c6d00000|  0%| F|  |TAMS 0x00000000c6c00000, 0x00000000c6c00000| Untracked 
|  51|0x00000000c6d00000, 0x00000000c6d00000, 0x00000000c6e00000|  0%| F|  |TAMS 0x00000000c6d00000, 0x00000000c6d00000| Untracked 
|  52|0x00000000c6e00000, 0x00000000c6e00000, 0x00000000c6f00000|  0%| F|  |TAMS 0x00000000c6e00000, 0x00000000c6e00000| Untracked 
|  53|0x00000000c6f00000, 0x00000000c6f00000, 0x00000000c7000000|  0%| F|  |TAMS 0x00000000c6f00000, 0x00000000c6f00000| Untracked 
|  54|0x00000000c7000000, 0x00000000c7000000, 0x00000000c7100000|  0%| F|  |TAMS 0x00000000c7000000, 0x00000000c7000000| Untracked 
|  55|0x00000000c7100000, 0x00000000c7100000, 0x00000000c7200000|  0%| F|  |TAMS 0x00000000c7100000, 0x00000000c7100000| Untracked 
|  56|0x00000000c7200000, 0x00000000c7200000, 0x00000000c7300000|  0%| F|  |TAMS 0x00000000c7200000, 0x00000000c7200000| Untracked 
|  57|0x00000000c7300000, 0x00000000c7300000, 0x00000000c7400000|  0%| F|  |TAMS 0x00000000c7300000, 0x00000000c7300000| Untracked 
|  58|0x00000000c7400000, 0x00000000c7400000, 0x00000000c7500000|  0%| F|  |TAMS 0x00000000c7400000, 0x00000000c7400000| Untracked 
|  59|0x00000000c7500000, 0x00000000c7500000, 0x00000000c7600000|  0%| F|  |TAMS 0x00000000c7500000, 0x00000000c7500000| Untracked 
|  60|0x00000000c7600000, 0x00000000c7600000, 0x00000000c7700000|  0%| F|  |TAMS 0x00000000c7600000, 0x00000000c7600000| Untracked 
|  61|0x00000000c7700000, 0x00000000c7800000, 0x00000000c7800000|100%| S|CS|TAMS 0x00000000c7700000, 0x00000000c7700000| Complete 
|  62|0x00000000c7800000, 0x00000000c7900000, 0x00000000c7900000|100%| S|CS|TAMS 0x00000000c7800000, 0x00000000c7800000| Complete 
|  63|0x00000000c7900000, 0x00000000c79db910, 0x00000000c7a00000| 85%| E|  |TAMS 0x00000000c7900000, 0x00000000c7900000| Complete 
|  64|0x00000000c7a00000, 0x00000000c7b00000, 0x00000000c7b00000|100%| E|CS|TAMS 0x00000000c7a00000, 0x00000000c7a00000| Complete 
|  65|0x00000000c7b00000, 0x00000000c7c00000, 0x00000000c7c00000|100%| E|CS|TAMS 0x00000000c7b00000, 0x00000000c7b00000| Complete 
|  66|0x00000000c7c00000, 0x00000000c7d00000, 0x00000000c7d00000|100%| E|CS|TAMS 0x00000000c7c00000, 0x00000000c7c00000| Complete 
|  67|0x00000000c7d00000, 0x00000000c7e00000, 0x00000000c7e00000|100%| E|CS|TAMS 0x00000000c7d00000, 0x00000000c7d00000| Complete 
|  68|0x00000000c7e00000, 0x00000000c7f00000, 0x00000000c7f00000|100%| E|CS|TAMS 0x00000000c7e00000, 0x00000000c7e00000| Complete 
|  69|0x00000000c7f00000, 0x00000000c8000000, 0x00000000c8000000|100%| E|CS|TAMS 0x00000000c7f00000, 0x00000000c7f00000| Complete 
|  70|0x00000000c8000000, 0x00000000c8100000, 0x00000000c8100000|100%| E|CS|TAMS 0x00000000c8000000, 0x00000000c8000000| Complete 
|  71|0x00000000c8100000, 0x00000000c8200000, 0x00000000c8200000|100%| E|CS|TAMS 0x00000000c8100000, 0x00000000c8100000| Complete 
|  72|0x00000000c8200000, 0x00000000c8300000, 0x00000000c8300000|100%| E|CS|TAMS 0x00000000c8200000, 0x00000000c8200000| Complete 
|  73|0x00000000c8300000, 0x00000000c8400000, 0x00000000c8400000|100%| E|CS|TAMS 0x00000000c8300000, 0x00000000c8300000| Complete 
|  74|0x00000000c8400000, 0x00000000c8500000, 0x00000000c8500000|100%| E|CS|TAMS 0x00000000c8400000, 0x00000000c8400000| Complete 

Card table byte_map: [0x0000017a99530000,0x0000017a99720000] _byte_map_base: 0x0000017a98f13000

Marking Bits (Prev, Next): (CMBitMap*) 0x0000017a827ad420, (CMBitMap*) 0x0000017a827ad3e0
 Prev Bits: [0x0000017a9a830000, 0x0000017a9b748000)
 Next Bits: [0x0000017a99910000, 0x0000017a9a828000)

Polling page: 0x0000017a81f20000

Metaspace:

Usage:
  Non-class:     21.58 MB used.
      Class:      2.64 MB used.
       Both:     24.21 MB used.

Virtual space:
  Non-class space:       64.00 MB reserved,      21.69 MB ( 34%) committed,  1 nodes.
      Class space:        1.00 GB reserved,       2.81 MB ( <1%) committed,  1 nodes.
             Both:        1.06 GB reserved,      24.50 MB (  2%) committed. 

Chunk freelists:
   Non-Class:  9.52 MB
       Class:  13.05 MB
        Both:  22.56 MB

MaxMetaspaceSize: unlimited
CompressedClassSpaceSize: 1.00 GB
Initial GC threshold: 21.00 MB
Current GC threshold: 35.62 MB
CDS: on
MetaspaceReclaimPolicy: balanced
 - commit_granule_bytes: 65536.
 - commit_granule_words: 8192.
 - virtual_space_node_default_size: 8388608.
 - enlarge_chunks_in_place: 1.
 - new_chunks_are_fully_committed: 0.
 - uncommit_free_chunks: 1.
 - use_allocation_guard: 0.
 - handle_deallocations: 1.


Internal statistics:

num_allocs_failed_limit: 6.
num_arena_births: 266.
num_arena_deaths: 0.
num_vsnodes_births: 2.
num_vsnodes_deaths: 0.
num_space_committed: 392.
num_space_uncommitted: 0.
num_chunks_returned_to_freelist: 6.
num_chunks_taken_from_freelist: 1093.
num_chunk_merges: 6.
num_chunk_splits: 815.
num_chunks_enlarged: 647.
num_inconsistent_stats: 0.

CodeHeap 'non-profiled nmethods': size=120000Kb used=1348Kb max_used=1348Kb free=118651Kb
 bounds [0x0000017a91ae0000, 0x0000017a91d50000, 0x0000017a99010000]
CodeHeap 'profiled nmethods': size=120000Kb used=6404Kb max_used=6404Kb free=113595Kb
 bounds [0x0000017a8a010000, 0x0000017a8a660000, 0x0000017a91540000]
CodeHeap 'non-nmethods': size=5760Kb used=1320Kb max_used=1320Kb free=4439Kb
 bounds [0x0000017a91540000, 0x0000017a917b0000, 0x0000017a91ae0000]
 total_blobs=3498 nmethods=2866 adapters=544
 compilation: enabled
              stopped_count=0, restarted_count=0
 full_count=0

Compilation events (20 events):
Event: 7.050 Thread 0x0000017a9e15d0c0 2632       3       java.lang.invoke.LambdaFormEditor::bindArgumentL (59 bytes)
Event: 7.050 Thread 0x0000017a9e15d0c0 nmethod 2632 0x0000017a8a5f6590 code [0x0000017a8a5f6760, 0x0000017a8a5f6a08]
Event: 7.124 Thread 0x0000017a9e15d0c0 2633       1       java.lang.reflect.Method::getRoot (5 bytes)
Event: 7.124 Thread 0x0000017a9e15d0c0 nmethod 2633 0x0000017a91c25290 code [0x0000017a91c25420, 0x0000017a91c254f8]
Event: 7.156 Thread 0x0000017a9e15d0c0 2635       3       sun.misc.Unsafe::putByte (11 bytes)
Event: 7.156 Thread 0x0000017a9e15d0c0 nmethod 2635 0x0000017a8a5f6b10 code [0x0000017a8a5f6ca0, 0x0000017a8a5f6db8]
Event: 7.156 Thread 0x0000017a9e15d0c0 2637       3       com.oracle.truffle.api.strings.TStringOps::writeValue (159 bytes)
Event: 7.157 Thread 0x0000017a9e15d0c0 nmethod 2637 0x0000017a8a5f6e90 code [0x0000017a8a5f7160, 0x0000017a8a5f7ee8]
Event: 7.157 Thread 0x0000017a9e15d0c0 2638       3       com.oracle.truffle.api.strings.TStringOps::runWriteS0Managed (7 bytes)
Event: 7.157 Thread 0x0000017a9e15d0c0 nmethod 2638 0x0000017a8a5f8290 code [0x0000017a8a5f8420, 0x0000017a8a5f8528]
Event: 7.157 Thread 0x0000017a9e15d0c0 2640       3       com.oracle.truffle.js.runtime.Strings::length (10 bytes)
Event: 7.158 Thread 0x0000017a9e15d0c0 nmethod 2640 0x0000017a8a5f8610 code [0x0000017a8a5f8800, 0x0000017a8a5f8c38]
Event: 7.158 Thread 0x0000017a9e15d0c0 2641       3       com.oracle.truffle.api.strings.AbstractTruffleString::byteLength (15 bytes)
Event: 7.159 Thread 0x0000017a9e15d0c0 nmethod 2641 0x0000017a8a5f8e90 code [0x0000017a8a5f9060, 0x0000017a8a5f9438]
Event: 7.159 Thread 0x0000017a9e15d0c0 2642       3       com.oracle.truffle.api.strings.Stride::isStride (16 bytes)
Event: 7.159 Thread 0x0000017a9e15d0c0 nmethod 2642 0x0000017a8a5f9610 code [0x0000017a8a5f97a0, 0x0000017a8a5f9918]
Event: 7.159 Thread 0x0000017a9e15d0c0 2643       3       com.oracle.truffle.api.strings.TStringUnsafe::putByteManaged (10 bytes)
Event: 7.159 Thread 0x0000017a9e15d0c0 nmethod 2643 0x0000017a8a5f9990 code [0x0000017a8a5f9b20, 0x0000017a8a5f9c98]
Event: 7.159 Thread 0x0000017a9e15d0c0 2639       1       java.lang.Enum::name (5 bytes)
Event: 7.160 Thread 0x0000017a9e15d0c0 nmethod 2639 0x0000017a91c25990 code [0x0000017a91c25b20, 0x0000017a91c25bf8]

GC Heap History (16 events):
Event: 1.954 GC heap before
{Heap before GC invocations=0 (full 0):
 garbage-first heap   total 63488K, used 25600K [0x00000000c3a00000, 0x0000000100000000)
  region size 1024K, 23 young (23552K), 0 survivors (0K)
 Metaspace       used 3910K, committed 4032K, reserved 1114112K
  class space    used 472K, committed 512K, reserved 1048576K
}
Event: 1.978 GC heap after
{Heap after GC invocations=1 (full 0):
 garbage-first heap   total 63488K, used 11328K [0x00000000c3a00000, 0x0000000100000000)
  region size 1024K, 3 young (3072K), 3 survivors (3072K)
 Metaspace       used 3910K, committed 4032K, reserved 1114112K
  class space    used 472K, committed 512K, reserved 1048576K
}
Event: 2.972 GC heap before
{Heap before GC invocations=1 (full 0):
 garbage-first heap   total 63488K, used 29760K [0x00000000c3a00000, 0x0000000100000000)
  region size 1024K, 22 young (22528K), 3 survivors (3072K)
 Metaspace       used 8764K, committed 9024K, reserved 1114112K
  class space    used 1038K, committed 1152K, reserved 1048576K
}
Event: 2.984 GC heap after
{Heap after GC invocations=2 (full 0):
 garbage-first heap   total 63488K, used 13972K [0x00000000c3a00000, 0x0000000100000000)
  region size 1024K, 3 young (3072K), 3 survivors (3072K)
 Metaspace       used 8764K, committed 9024K, reserved 1114112K
  class space    used 1038K, committed 1152K, reserved 1048576K
}
Event: 3.704 GC heap before
{Heap before GC invocations=2 (full 0):
 garbage-first heap   total 63488K, used 34452K [0x00000000c3a00000, 0x0000000100000000)
  region size 1024K, 22 young (22528K), 3 survivors (3072K)
 Metaspace       used 10755K, committed 11072K, reserved 1114112K
  class space    used 1255K, committed 1408K, reserved 1048576K
}
Event: 3.716 GC heap after
{Heap after GC invocations=3 (full 0):
 garbage-first heap   total 63488K, used 17080K [0x00000000c3a00000, 0x0000000100000000)
  region size 1024K, 3 young (3072K), 3 survivors (3072K)
 Metaspace       used 10755K, committed 11072K, reserved 1114112K
  class space    used 1255K, committed 1408K, reserved 1048576K
}
Event: 4.150 GC heap before
{Heap before GC invocations=3 (full 0):
 garbage-first heap   total 63488K, used 37560K [0x00000000c3a00000, 0x0000000100000000)
  region size 1024K, 24 young (24576K), 3 survivors (3072K)
 Metaspace       used 10836K, committed 11136K, reserved 1114112K
  class space    used 1255K, committed 1408K, reserved 1048576K
}
Event: 4.165 GC heap after
{Heap after GC invocations=4 (full 0):
 garbage-first heap   total 63488K, used 21504K [0x00000000c3a00000, 0x0000000100000000)
  region size 1024K, 3 young (3072K), 3 survivors (3072K)
 Metaspace       used 10836K, committed 11136K, reserved 1114112K
  class space    used 1255K, committed 1408K, reserved 1048576K
}
Event: 4.341 GC heap before
{Heap before GC invocations=4 (full 0):
 garbage-first heap   total 63488K, used 43008K [0x00000000c3a00000, 0x0000000100000000)
  region size 1024K, 22 young (22528K), 3 survivors (3072K)
 Metaspace       used 10889K, committed 11136K, reserved 1114112K
  class space    used 1255K, committed 1408K, reserved 1048576K
}
Event: 4.355 GC heap after
{Heap after GC invocations=5 (full 0):
 garbage-first heap   total 76800K, used 26289K [0x00000000c3a00000, 0x0000000100000000)
  region size 1024K, 3 young (3072K), 3 survivors (3072K)
 Metaspace       used 10889K, committed 11136K, reserved 1114112K
  class space    used 1255K, committed 1408K, reserved 1048576K
}
Event: 5.120 GC heap before
{Heap before GC invocations=5 (full 0):
 garbage-first heap   total 76800K, used 50865K [0x00000000c3a00000, 0x0000000100000000)
  region size 1024K, 27 young (27648K), 3 survivors (3072K)
 Metaspace       used 11843K, committed 12096K, reserved 1114112K
  class space    used 1383K, committed 1472K, reserved 1048576K
}
Event: 5.154 GC heap after
{Heap after GC invocations=6 (full 0):
 garbage-first heap   total 76800K, used 35668K [0x00000000c3a00000, 0x0000000100000000)
  region size 1024K, 4 young (4096K), 4 survivors (4096K)
 Metaspace       used 11843K, committed 12096K, reserved 1114112K
  class space    used 1383K, committed 1472K, reserved 1048576K
}
Event: 6.117 GC heap before
{Heap before GC invocations=6 (full 0):
 garbage-first heap   total 76800K, used 52052K [0x00000000c3a00000, 0x0000000100000000)
  region size 1024K, 21 young (21504K), 4 survivors (4096K)
 Metaspace       used 17104K, committed 17344K, reserved 1114112K
  class space    used 1901K, committed 1984K, reserved 1048576K
}
Event: 6.134 GC heap after
{Heap after GC invocations=7 (full 0):
 garbage-first heap   total 76800K, used 38141K [0x00000000c3a00000, 0x0000000100000000)
  region size 1024K, 2 young (2048K), 2 survivors (2048K)
 Metaspace       used 17104K, committed 17344K, reserved 1114112K
  class space    used 1901K, committed 1984K, reserved 1048576K
}
Event: 6.736 GC heap before
{Heap before GC invocations=7 (full 0):
 garbage-first heap   total 76800K, used 48381K [0x00000000c3a00000, 0x0000000100000000)
  region size 1024K, 14 young (14336K), 2 survivors (2048K)
 Metaspace       used 21211K, committed 21504K, reserved 1114112K
  class space    used 2222K, committed 2368K, reserved 1048576K
}
Event: 6.743 GC heap after
{Heap after GC invocations=8 (full 0):
 garbage-first heap   total 76800K, used 38400K [0x00000000c3a00000, 0x0000000100000000)
  region size 1024K, 2 young (2048K), 2 survivors (2048K)
 Metaspace       used 21211K, committed 21504K, reserved 1114112K
  class space    used 2222K, committed 2368K, reserved 1048576K
}

Deoptimization events (20 events):
Event: 6.019 Thread 0x0000017a827718f0 Uncommon trap: trap_request=0xffffffde fr.pc=0x0000017a91b0fb28 relative=0x0000000000000368
Event: 6.019 Thread 0x0000017a827718f0 Uncommon trap: reason=class_check action=maybe_recompile pc=0x0000017a91b0fb28 method=java.util.HashMap.getNode(Ljava/lang/Object;)Ljava/util/HashMap$Node; @ 63 c2
Event: 6.019 Thread 0x0000017a827718f0 DEOPT PACKING pc=0x0000017a91b0fb28 sp=0x0000001d8e9faaa0
Event: 6.019 Thread 0x0000017a827718f0 DEOPT UNPACKING pc=0x0000017a91595ba3 sp=0x0000001d8e9faa28 mode 2
Event: 6.907 Thread 0x0000017a827718f0 Uncommon trap: trap_request=0xffffffde fr.pc=0x0000017a91c206b4 relative=0x0000000000000114
Event: 6.907 Thread 0x0000017a827718f0 Uncommon trap: reason=class_check action=maybe_recompile pc=0x0000017a91c206b4 method=jdk.internal.misc.Unsafe.allocateUninitializedArray(Ljava/lang/Class;I)Ljava/lang/Object; @ 51 c2
Event: 6.907 Thread 0x0000017a827718f0 DEOPT PACKING pc=0x0000017a91c206b4 sp=0x0000001d8e9f6c50
Event: 6.907 Thread 0x0000017a827718f0 DEOPT UNPACKING pc=0x0000017a91595ba3 sp=0x0000001d8e9f6bd8 mode 2
Event: 6.908 Thread 0x0000017a827718f0 Uncommon trap: trap_request=0xffffffde fr.pc=0x0000017a91c206b4 relative=0x0000000000000114
Event: 6.908 Thread 0x0000017a827718f0 Uncommon trap: reason=class_check action=maybe_recompile pc=0x0000017a91c206b4 method=jdk.internal.misc.Unsafe.allocateUninitializedArray(Ljava/lang/Class;I)Ljava/lang/Object; @ 51 c2
Event: 6.908 Thread 0x0000017a827718f0 DEOPT PACKING pc=0x0000017a91c206b4 sp=0x0000001d8e9f6c50
Event: 6.908 Thread 0x0000017a827718f0 DEOPT UNPACKING pc=0x0000017a91595ba3 sp=0x0000001d8e9f6bd8 mode 2
Event: 6.908 Thread 0x0000017a827718f0 Uncommon trap: trap_request=0xffffffde fr.pc=0x0000017a91c206b4 relative=0x0000000000000114
Event: 6.908 Thread 0x0000017a827718f0 Uncommon trap: reason=class_check action=maybe_recompile pc=0x0000017a91c206b4 method=jdk.internal.misc.Unsafe.allocateUninitializedArray(Ljava/lang/Class;I)Ljava/lang/Object; @ 51 c2
Event: 6.908 Thread 0x0000017a827718f0 DEOPT PACKING pc=0x0000017a91c206b4 sp=0x0000001d8e9f6c50
Event: 6.908 Thread 0x0000017a827718f0 DEOPT UNPACKING pc=0x0000017a91595ba3 sp=0x0000001d8e9f6bd8 mode 2
Event: 6.909 Thread 0x0000017a827718f0 Uncommon trap: trap_request=0xffffffde fr.pc=0x0000017a91c206b4 relative=0x0000000000000114
Event: 6.909 Thread 0x0000017a827718f0 Uncommon trap: reason=class_check action=maybe_recompile pc=0x0000017a91c206b4 method=jdk.internal.misc.Unsafe.allocateUninitializedArray(Ljava/lang/Class;I)Ljava/lang/Object; @ 51 c2
Event: 6.909 Thread 0x0000017a827718f0 DEOPT PACKING pc=0x0000017a91c206b4 sp=0x0000001d8e9f6c50
Event: 6.909 Thread 0x0000017a827718f0 DEOPT UNPACKING pc=0x0000017a91595ba3 sp=0x0000001d8e9f6bd8 mode 2

Classes unloaded (0 events):
No events

Classes redefined (0 events):
No events

Internal exceptions (20 events):
Event: 3.579 Thread 0x0000017ae45cea40 Exception <a 'sun/nio/fs/WindowsException'{0x00000000c6c143f0}> (0x00000000c6c143f0) 
thrown [s\open\src\hotspot\share\prims\jni.cpp, line 516]
Event: 3.579 Thread 0x0000017ae45cea40 Exception <a 'sun/nio/fs/WindowsException'{0x00000000c6c14c70}> (0x00000000c6c14c70) 
thrown [s\open\src\hotspot\share\prims\jni.cpp, line 516]
Event: 3.579 Thread 0x0000017ae45cea40 Exception <a 'sun/nio/fs/WindowsException'{0x00000000c6c14ea0}> (0x00000000c6c14ea0) 
thrown [s\open\src\hotspot\share\prims\jni.cpp, line 516]
Event: 3.579 Thread 0x0000017ae45cea40 Exception <a 'sun/nio/fs/WindowsException'{0x00000000c6c15728}> (0x00000000c6c15728) 
thrown [s\open\src\hotspot\share\prims\jni.cpp, line 516]
Event: 3.579 Thread 0x0000017ae45cea40 Exception <a 'sun/nio/fs/WindowsException'{0x00000000c6c15968}> (0x00000000c6c15968) 
thrown [s\open\src\hotspot\share\prims\jni.cpp, line 516]
Event: 3.580 Thread 0x0000017ae45cea40 Exception <a 'sun/nio/fs/WindowsException'{0x00000000c6c161e8}> (0x00000000c6c161e8) 
thrown [s\open\src\hotspot\share\prims\jni.cpp, line 516]
Event: 3.580 Thread 0x0000017ae45cea40 Exception <a 'sun/nio/fs/WindowsException'{0x00000000c6c16418}> (0x00000000c6c16418) 
thrown [s\open\src\hotspot\share\prims\jni.cpp, line 516]
Event: 3.580 Thread 0x0000017ae45cea40 Exception <a 'sun/nio/fs/WindowsException'{0x00000000c6c16ca0}> (0x00000000c6c16ca0) 
thrown [s\open\src\hotspot\share\prims\jni.cpp, line 516]
Event: 3.580 Thread 0x0000017ae45cea40 Exception <a 'sun/nio/fs/WindowsException'{0x00000000c6c16ee0}> (0x00000000c6c16ee0) 
thrown [s\open\src\hotspot\share\prims\jni.cpp, line 516]
Event: 3.580 Thread 0x0000017ae45cea40 Exception <a 'sun/nio/fs/WindowsException'{0x00000000c6c17788}> (0x00000000c6c17788) 
thrown [s\open\src\hotspot\share\prims\jni.cpp, line 516]
Event: 3.580 Thread 0x0000017ae45cea40 Exception <a 'sun/nio/fs/WindowsException'{0x00000000c6c179e8}> (0x00000000c6c179e8) 
thrown [s\open\src\hotspot\share\prims\jni.cpp, line 516]
Event: 3.580 Thread 0x0000017ae45cea40 Exception <a 'sun/nio/fs/WindowsException'{0x00000000c6c182a0}> (0x00000000c6c182a0) 
thrown [s\open\src\hotspot\share\prims\jni.cpp, line 516]
Event: 3.580 Thread 0x0000017ae45cea40 Exception <a 'sun/nio/fs/WindowsException'{0x00000000c6c18510}> (0x00000000c6c18510) 
thrown [s\open\src\hotspot\share\prims\jni.cpp, line 516]
Event: 3.581 Thread 0x0000017ae45cea40 Exception <a 'sun/nio/fs/WindowsException'{0x00000000c6c18dc0}> (0x00000000c6c18dc0) 
thrown [s\open\src\hotspot\share\prims\jni.cpp, line 516]
Event: 3.581 Thread 0x0000017ae45cea40 Exception <a 'sun/nio/fs/WindowsException'{0x00000000c6c19030}> (0x00000000c6c19030) 
thrown [s\open\src\hotspot\share\prims\jni.cpp, line 516]
Event: 5.355 Thread 0x0000017a827718f0 Exception <a 'java/lang/NoSuchMethodError'{0x00000000c815a968}: 'java.lang.Object java.lang.invoke.DirectMethodHandle$Holder.newInvokeSpecial(java.lang.Object, java.lang.Object, int, java.lang.Object, java.lang.Object, java.lang.Object, java.lang.Object)'> (0x00000000c815a968) 
thrown [s\open\src\hotspot\share\interpreter\linkResolver.cpp, line 759]
Event: 5.361 Thread 0x0000017a827718f0 Exception <a 'java/lang/IncompatibleClassChangeError'{0x00000000c8170b50}: Found class java.lang.Object, but interface was expected> (0x00000000c8170b50) 
thrown [s\open\src\hotspot\share\interpreter\linkResolver.cpp, line 826]
Event: 5.393 Thread 0x0000017a827718f0 Exception <a 'java/lang/NoSuchMethodError'{0x00000000c81f3390}: 'java.lang.Object java.lang.invoke.DirectMethodHandle$Holder.newInvokeSpecial(java.lang.Object, java.lang.Object, int, java.lang.Object, java.lang.Object, java.lang.Object)'> (0x00000000c81f3390) 
thrown [s\open\src\hotspot\share\interpreter\linkResolver.cpp, line 759]
Event: 5.394 Thread 0x0000017a827718f0 Exception <a 'java/lang/NoSuchMethodError'{0x00000000c81fb4d8}: 'java.lang.Object java.lang.invoke.Invokers$Holder.linkToTargetMethod(java.lang.Object, int, java.lang.Object, java.lang.Object, java.lang.Object, java.lang.Object)'> (0x00000000c81fb4d8) 
thrown [s\open\src\hotspot\share\interpreter\linkResolver.cpp, line 759]
Event: 6.270 Thread 0x0000017a827718f0 Exception <a 'sun/nio/fs/WindowsException'{0x00000000c83e1c50}> (0x00000000c83e1c50) 
thrown [s\open\src\hotspot\share\prims\jni.cpp, line 516]

VM Operations (20 events):
Event: 5.120 Executing VM operation: G1CollectForAllocation
Event: 5.154 Executing VM operation: G1CollectForAllocation done
Event: 5.657 Executing VM operation: HandshakeAllThreads
Event: 5.657 Executing VM operation: HandshakeAllThreads done
Event: 6.096 Executing VM operation: HandshakeAllThreads
Event: 6.096 Executing VM operation: HandshakeAllThreads done
Event: 6.117 Executing VM operation: G1CollectForAllocation
Event: 6.134 Executing VM operation: G1CollectForAllocation done
Event: 6.288 Executing VM operation: HandshakeAllThreads
Event: 6.288 Executing VM operation: HandshakeAllThreads done
Event: 6.536 Executing VM operation: HandshakeAllThreads
Event: 6.536 Executing VM operation: HandshakeAllThreads done
Event: 6.736 Executing VM operation: CollectForMetadataAllocation
Event: 6.743 Executing VM operation: CollectForMetadataAllocation done
Event: 6.771 Executing VM operation: CollectForMetadataAllocation
Event: 6.772 Executing VM operation: CollectForMetadataAllocation done
Event: 6.782 Executing VM operation: G1Concurrent
Event: 6.788 Executing VM operation: G1Concurrent done
Event: 6.804 Executing VM operation: G1Concurrent
Event: 6.804 Executing VM operation: G1Concurrent done

Events (20 events):
Event: 6.402 loading class java/util/WeakHashMap$HashIterator done
Event: 6.402 loading class java/util/WeakHashMap$ValueIterator done
Event: 6.412 loading class java/util/TimerTask
Event: 6.412 loading class java/util/TimerTask done
Event: 6.416 loading class java/lang/ThreadLocal$SuppliedThreadLocal
Event: 6.416 loading class java/lang/ThreadLocal$SuppliedThreadLocal done
Event: 6.440 loading class java/util/PrimitiveIterator$OfInt
Event: 6.441 loading class java/util/PrimitiveIterator
Event: 6.441 loading class java/util/PrimitiveIterator done
Event: 6.441 loading class java/util/PrimitiveIterator$OfInt done
Event: 6.595 loading class java/util/Collections$UnmodifiableMap$UnmodifiableEntrySet
Event: 6.595 loading class java/util/Collections$UnmodifiableMap$UnmodifiableEntrySet done
Event: 6.595 loading class java/util/Collections$UnmodifiableMap$UnmodifiableEntrySet$1
Event: 6.595 loading class java/util/Collections$UnmodifiableMap$UnmodifiableEntrySet$1 done
Event: 6.595 loading class java/util/Collections$UnmodifiableMap$UnmodifiableEntrySet$UnmodifiableEntry
Event: 6.595 loading class java/util/Collections$UnmodifiableMap$UnmodifiableEntrySet$UnmodifiableEntry done
Event: 6.711 loading class java/security/NoSuchAlgorithmException
Event: 6.711 loading class java/security/NoSuchAlgorithmException done
Event: 7.173 loading class java/lang/ArrayIndexOutOfBoundsException
Event: 7.173 loading class java/lang/ArrayIndexOutOfBoundsException done


Dynamic libraries:
0x00007ff6e8180000 - 0x00007ff6e8190000 	C:\Program Files\Java\jdk-17\bin\java.exe
0x00007ff873690000 - 0x00007ff8738a7000 	C:\WINDOWS\SYSTEM32\ntdll.dll
0x00007ff8365b0000 - 0x00007ff8365ca000 	C:\Program Files\Avast Software\Avast\aswhook.dll
0x00007ff872780000 - 0x00007ff872844000 	C:\WINDOWS\System32\KERNEL32.DLL
0x00007ff870b40000 - 0x00007ff870eed000 	C:\WINDOWS\System32\KERNELBASE.dll
0x00007ff870ef0000 - 0x00007ff871001000 	C:\WINDOWS\System32\ucrtbase.dll
0x00007ff86a170000 - 0x00007ff86a189000 	C:\Program Files\Java\jdk-17\bin\jli.dll
0x00007ff871e80000 - 0x00007ff871f32000 	C:\WINDOWS\System32\ADVAPI32.dll
0x00007ff873360000 - 0x00007ff873407000 	C:\WINDOWS\System32\msvcrt.dll
0x00007ff86ab70000 - 0x00007ff86ab8b000 	C:\Program Files\Java\jdk-17\bin\VCRUNTIME140.dll
0x00007ff873510000 - 0x00007ff8735b9000 	C:\WINDOWS\System32\sechost.dll
0x00007ff8710d0000 - 0x00007ff8710f8000 	C:\WINDOWS\System32\bcrypt.dll
0x00007ff872300000 - 0x00007ff872414000 	C:\WINDOWS\System32\RPCRT4.dll
0x00007ff8713c0000 - 0x00007ff87156e000 	C:\WINDOWS\System32\USER32.dll
0x00007ff8711a0000 - 0x00007ff8711c6000 	C:\WINDOWS\System32\win32u.dll
0x00007ff873330000 - 0x00007ff873359000 	C:\WINDOWS\System32\GDI32.dll
0x00007ff842120000 - 0x00007ff8423b3000 	C:\WINDOWS\WinSxS\amd64_microsoft.windows.common-controls_6595b64144ccf1df_6.0.22621.3672_none_2713b9d173822955\COMCTL32.dll
0x00007ff8709b0000 - 0x00007ff870ac9000 	C:\WINDOWS\System32\gdi32full.dll
0x00007ff871100000 - 0x00007ff87119a000 	C:\WINDOWS\System32\msvcp_win.dll
0x00007ff86a2f0000 - 0x00007ff86a2fa000 	C:\WINDOWS\SYSTEM32\VERSION.dll
0x00007ff8735c0000 - 0x00007ff8735f1000 	C:\WINDOWS\System32\IMM32.DLL
0x00007ff86a1c0000 - 0x00007ff86a1cc000 	C:\Program Files\Java\jdk-17\bin\vcruntime140_1.dll
0x00007ff85aaa0000 - 0x00007ff85ab2e000 	C:\Program Files\Java\jdk-17\bin\msvcp140.dll
0x00007ff832300000 - 0x00007ff832ee0000 	C:\Program Files\Java\jdk-17\bin\server\jvm.dll
0x00007ff871e70000 - 0x00007ff871e78000 	C:\WINDOWS\System32\PSAPI.DLL
0x00007ff863d90000 - 0x00007ff863d99000 	C:\WINDOWS\SYSTEM32\WSOCK32.dll
0x00007ff86aae0000 - 0x00007ff86ab14000 	C:\WINDOWS\SYSTEM32\WINMM.dll
0x00007ff873410000 - 0x00007ff873481000 	C:\WINDOWS\System32\WS2_32.dll
0x00007ff86fa00000 - 0x00007ff86fa18000 	C:\WINDOWS\SYSTEM32\kernel.appcore.dll
0x00007ff86a160000 - 0x00007ff86a16a000 	C:\Program Files\Java\jdk-17\bin\jimage.dll
0x00007ff86e2a0000 - 0x00007ff86e4d2000 	C:\WINDOWS\SYSTEM32\DBGHELP.DLL
0x00007ff872fa0000 - 0x00007ff87332e000 	C:\WINDOWS\System32\combase.dll
0x00007ff8725e0000 - 0x00007ff8726b7000 	C:\WINDOWS\System32\OLEAUT32.dll
0x00007ff869f40000 - 0x00007ff869f72000 	C:\WINDOWS\SYSTEM32\dbgcore.DLL
0x00007ff8711d0000 - 0x00007ff87124b000 	C:\WINDOWS\System32\bcryptPrimitives.dll
0x00007ff869e20000 - 0x00007ff869e2e000 	C:\Program Files\Java\jdk-17\bin\instrument.dll
0x00007ff85aa70000 - 0x00007ff85aa95000 	C:\Program Files\Java\jdk-17\bin\java.dll
0x00007ff85a990000 - 0x00007ff85aa67000 	C:\Program Files\Java\jdk-17\bin\jsvml.dll
0x00007ff871570000 - 0x00007ff871dd7000 	C:\WINDOWS\System32\SHELL32.dll
0x00007ff86e930000 - 0x00007ff86f22f000 	C:\WINDOWS\SYSTEM32\windows.storage.dll
0x00007ff86e7f0000 - 0x00007ff86e92f000 	C:\WINDOWS\SYSTEM32\wintypes.dll
0x00007ff872200000 - 0x00007ff8722f9000 	C:\WINDOWS\System32\SHCORE.dll
0x00007ff872850000 - 0x00007ff8728ae000 	C:\WINDOWS\System32\shlwapi.dll
0x00007ff8708e0000 - 0x00007ff870907000 	C:\WINDOWS\SYSTEM32\profapi.dll
0x00007ff85a970000 - 0x00007ff85a988000 	C:\Program Files\Java\jdk-17\bin\zip.dll
0x00007ff85a950000 - 0x00007ff85a969000 	C:\Program Files\Java\jdk-17\bin\net.dll
0x00007ff86ad30000 - 0x00007ff86ae66000 	C:\WINDOWS\SYSTEM32\WINHTTP.dll
0x00007ff86fe70000 - 0x00007ff86fed9000 	C:\WINDOWS\system32\mswsock.dll
0x00007ff85a930000 - 0x00007ff85a946000 	C:\Program Files\Java\jdk-17\bin\nio.dll
0x00007ff85a830000 - 0x00007ff85a84a000 	C:\Program Files\JetBrains\IntelliJ IDEA Community Edition 2022.3.2\bin\breakgen64.dll

dbghelp: loaded successfully - version: 4.0.5 - missing functions: none
symbol engine: initialized successfully - sym options: 0x614 - pdb path: .;C:\Program Files\Java\jdk-17\bin;C:\WINDOWS\SYSTEM32;C:\Program Files\Avast Software\Avast;C:\WINDOWS\WinSxS\amd64_microsoft.windows.common-controls_6595b64144ccf1df_6.0.22621.3672_none_2713b9d173822955;C:\Program Files\Java\jdk-17\bin\server;C:\Program Files\JetBrains\IntelliJ IDEA Community Edition 2022.3.2\bin

VM Arguments:
jvm_args: -ea -Didea.test.cyclic.buffer.size=1048576 -javaagent:C:\Program Files\JetBrains\IntelliJ IDEA Community Edition 2022.3.2\lib\idea_rt.jar=50973:C:\Program Files\JetBrains\IntelliJ IDEA Community Edition 2022.3.2\bin -Dfile.encoding=UTF-8 
java_command: com.intellij.rt.junit.JUnitStarter -ideVersion5 -junit5 RunnerTest,testAll
java_class_path (initial): C:\Users\DELL-LAP\.m2\repository\org\junit\platform\junit-platform-launcher\1.10.3\junit-platform-launcher-1.10.3.jar;C:\Program Files\JetBrains\IntelliJ IDEA Community Edition 2022.3.2\lib\idea_rt.jar;C:\Program Files\JetBrains\IntelliJ IDEA Community Edition 2022.3.2\plugins\junit\lib\junit5-rt.jar;C:\Program Files\JetBrains\IntelliJ IDEA Community Edition 2022.3.2\plugins\junit\lib\junit-rt.jar;D:\3 re sem\UserDetail\target\test-classes;D:\3 re sem\UserDetail\target\classes;C:\Users\DELL-LAP\.m2\repository\org\springframework\boot\spring-boot-starter-data-jpa\3.3.2\spring-boot-starter-data-jpa-3.3.2.jar;C:\Users\DELL-LAP\.m2\repository\org\springframework\boot\spring-boot-starter-aop\3.3.2\spring-boot-starter-aop-3.3.2.jar;C:\Users\DELL-LAP\.m2\repository\org\springframework\spring-aop\6.1.11\spring-aop-6.1.11.jar;C:\Users\DELL-LAP\.m2\repository\org\aspectj\aspectjweaver\1.9.22.1\aspectjweaver-1.9.22.1.jar;C:\Users\DELL-LAP\.m2\repository\org\springframework\boot\spring-boot-starter-jdbc\3.3.2\spring-boot-starter-jdbc-3.3.2.jar;C:\Users\DELL-LAP\.m2\repository\com\zaxxer\HikariCP\5.1.0\HikariCP-5.1.0.jar;C:\Users\DELL-LAP\.m2\repository\org\springframework\spring-jdbc\6.1.11\spring-jdbc-6.1.11.jar;C:\Users\DELL-LAP\.m2\repository\org\hibernate\orm\hibernate-core\6.5.2.Final\hibernate-core-6.5.2.Final.jar;C:\Users\DELL-LAP\.m2\repository\jakarta\persistence\jakarta.persistence-api\3.1.0\jakarta.persistence-api-3.1.0.jar;C:\Users\DELL-LAP\.m2\repository\jakarta\transaction\jakarta.transaction-api\2.0.1\jakarta.transaction-api-2.0.1.jar;C:\Users\DELL-LAP\.m2\repository\org\hibernate\common\hibernate-commons-annotations\6.0.6.Final\hibernate-commons-annotations-6.0.6.Final.jar;C:\Users\DELL-LAP\.m2\repository\io\smallrye\jandex\3.1.2\jandex-3.1.2.jar;C:\Users\DELL-LAP\.m2\repository\net\bytebuddy\byte-buddy\1.14.18\byte-buddy-1.14.18.jar;C:\Users\DELL-LAP\.m2\repository\org\glassfish\jaxb\jaxb-runtime\4.0.5\jaxb-runtime-4.0.5.jar;C:\User
Launcher Type: SUN_STANDARD

[Global flags]
     intx CICompilerCount                          = 4                                         {product} {ergonomic}
     uint ConcGCThreads                            = 2                                         {product} {ergonomic}
     uint G1ConcRefinementThreads                  = 8                                         {product} {ergonomic}
   size_t G1HeapRegionSize                         = 1048576                                   {product} {ergonomic}
    uintx GCDrainStackTargetSize                   = 64                                        {product} {ergonomic}
   size_t InitialHeapSize                          = 65011712                                  {product} {ergonomic}
   size_t MarkStackSize                            = 4194304                                   {product} {ergonomic}
   size_t MaxHeapSize                              = 1012924416                                {product} {ergonomic}
   size_t MaxNewSize                               = 607125504                                 {product} {ergonomic}
   size_t MinHeapDeltaBytes                        = 1048576                                   {product} {ergonomic}
   size_t MinHeapSize                              = 8388608                                   {product} {ergonomic}
    uintx NonNMethodCodeHeapSize                   = 5839372                                {pd product} {ergonomic}
    uintx NonProfiledCodeHeapSize                  = 122909434                              {pd product} {ergonomic}
    uintx ProfiledCodeHeapSize                     = 122909434                              {pd product} {ergonomic}
    uintx ReservedCodeCacheSize                    = 251658240                              {pd product} {ergonomic}
     bool SegmentedCodeCache                       = true                                      {product} {ergonomic}
   size_t SoftMaxHeapSize                          = 1012924416                             {manageable} {ergonomic}
     bool UseCompressedClassPointers               = true                           {product lp64_product} {ergonomic}
     bool UseCompressedOops                        = true                           {product lp64_product} {ergonomic}
     bool UseG1GC                                  = true                                      {product} {ergonomic}
     bool UseLargePagesIndividualAllocation        = false                                  {pd product} {ergonomic}

Logging:
Log output configuration:
 #0: stdout all=warning uptime,level,tags
 #1: stderr all=off uptime,level,tags

Environment Variables:
PATH=C:\Program Files\Common Files\Oracle\Java\javapath;C:\Program Files\Microsoft\jdk-11.0.12.7-hotspot\bin;C:\WINDOWS\system32;C:\WINDOWS;C:\WINDOWS\System32\Wbem;C:\WINDOWS\System32\WindowsPowerShell\v1.0\;C:\WINDOWS\System32\OpenSSH\;C:\Program Files\dotnet\;C:\Program Files\Microsoft SQL Server\Client SDK\ODBC\170\Tools\Binn\;C:\Program Files (x86)\Git\cmd;C:\Program Files (x86)\Microsoft SQL Server\150\Tools\Binn\;C:\Program Files\Microsoft SQL Server\150\Tools\Binn\;C:\Program Files\Microsoft SQL Server\150\DTS\Binn\;C:\Program Files\Cloudflare\Cloudflare WARP\;C:\Program Files (x86)\Microsoft SQL Server\160\Tools\Binn\;C:\Program Files\Microsoft SQL Server\160\Tools\Binn\;C:\Program Files\Microsoft SQL Server\160\DTS\Binn\;C:\Program Files\New Folder\;C:\Program Files (x86)\Microsoft SQL Server\160\DTS\Binn\;C:\Program Files\MySQL\MySQL Server 8.0\bin;C:\Program Files\Maven\apache-maven-3.9.9\bin;C:\Program Files\MySQL\MySQL Shell 8.0\bin\;C:\Users\DELL-LAP\AppData\Local\Microsoft\WindowsApps;;C:\Program Files\Azure Data Studio\bin;C:\Users\DELL-LAP\AppData\Local\Programs\Microsoft VS Code\bin;C:\Users\DELL-LAP\.dotnet\tools;C:\Users\DELL-LAP\AppData\Roaming\npm
USERNAME=DELL-LAP
OS=Windows_NT
PROCESSOR_IDENTIFIER=Intel64 Family 6 Model 126 Stepping 5, GenuineIntel



---------------  S Y S T E M  ---------------

OS:
 Windows 11 , 64 bit Build 22621 (10.0.22621.3958)
OS uptime: 0 days 4:30 hours

CPU: total 8 (initial active 8) (4 cores per cpu, 2 threads per core) family 6 model 126 stepping 5 microcode 0xc2, cx8, cmov, fxsr, ht, mmx, 3dnowpref, sse, sse2, sse3, ssse3, sse4.1, sse4.2, popcnt, lzcnt, tsc, tscinvbit, avx, avx2, aes, erms, clmul, bmi1, bmi2, adx, avx512f, avx512dq, avx512cd, avx512bw, avx512vl, sha, fma, vzeroupper, avx512_vpopcntdq, avx512_vpclmulqdq, avx512_vaes, avx512_vnni, clflush, clflushopt, avx512_vbmi2, avx512_vbmi

Memory: 4k page, system-wide physical 3863M (253M free)
TotalPageFile size 13825M (AvailPageFile size 17M)
current process WorkingSet (physical memory assigned to process): 172M, peak: 172M
current process commit charge ("private bytes"): 216M, peak: 216M

vm_info: Java HotSpot(TM) 64-Bit Server VM (17.0.11+7-LTS-207) for windows-amd64 JRE (17.0.11+7-LTS-207), built on Mar 11 2024 19:01:50 by "mach5one" with MS VC++ 17.6 (VS2022)

END.
